g:\omp220\comp220-code-examples-2018-19\open_project2\intemediate\vc141.pdb
g:\omp220\comp220-code-examples-2018-19\open_project2\intemediate\vc141.idb
g:\omp220\comp220-code-examples-2018-19\open_project2\intemediate\shader.obj
g:\omp220\comp220-code-examples-2018-19\open_project2\intemediate\main.obj
j:\omp220\comp220-code-examples-2018-19\open_project2\intemediate\vc141.pdb
j:\omp220\comp220-code-examples-2018-19\open_project2\intemediate\vc141.idb
j:\omp220\comp220-code-examples-2018-19\open_project2\intemediate\shader.obj
g:\omp220\comp220-code-examples-2018-19\open_project2\debug\open_project2.exe
g:\omp220\comp220-code-examples-2018-19\open_project2\debug\open_project2.ilk
g:\omp220\comp220-code-examples-2018-19\open_project2\debug\open_project2.pdb
g:\omp220\comp220-code-examples-2018-19\open_project2\debug\open_project2.lib
g:\omp220\comp220-code-examples-2018-19\open_project2\debug\open_project2.exp
j:\omp220\comp220-code-examples-2018-19\open_project2\intemediate\main.obj
j:\omp220\comp220-code-examples-2018-19\open_project2\debug\open_project2.pdb
j:\omp220\comp220-code-examples-2018-19\open_project2\debug\open_project2.exe
j:\omp220\comp220-code-examples-2018-19\open_project2\debug\open_project2.ilk
j:\omp220\comp220-code-examples-2018-19\open_project2\intemediate\open_project2.tlog\cl.command.1.tlog
j:\omp220\comp220-code-examples-2018-19\open_project2\intemediate\open_project2.tlog\cl.read.1.tlog
j:\omp220\comp220-code-examples-2018-19\open_project2\intemediate\open_project2.tlog\cl.write.1.tlog
j:\omp220\comp220-code-examples-2018-19\open_project2\intemediate\open_project2.tlog\link.command.1.tlog
j:\omp220\comp220-code-examples-2018-19\open_project2\intemediate\open_project2.tlog\link.read.1.tlog
j:\omp220\comp220-code-examples-2018-19\open_project2\intemediate\open_project2.tlog\link.write.1.tlog
j:\omp220\comp220-code-examples-2018-19\open_project2\intemediate\open_project2.tlog\open_project2.write.1u.tlog
